2023-06-05 14:21:39,780  INFO        main.py  main  35  play weixin_piece
2023-06-05 14:21:43,339  INFO        main.py  main  35  play weixin_piece
2023-06-05 14:21:46,832  INFO        main.py  main  35  play weixin_piece
2023-06-05 14:21:50,310  INFO        main.py  main  35  play weixin_piece
2023-06-05 14:21:53,781  INFO        main.py  main  35  play weixin_piece
2023-06-05 14:21:57,233  INFO        main.py  main  35  play weixin_piece
2023-06-05 14:22:00,701  INFO        main.py  main  35  play weixin_piece
2023-06-05 14:22:04,145  INFO        main.py  main  35  play weixin_piece
2023-06-05 14:22:07,582  INFO        main.py  main  35  play weixin_piece
2023-06-05 14:22:11,047  INFO        main.py  main  35  play weixin_piece
2023-06-05 14:22:14,525  INFO        main.py  main  35  play weixin_piece
2023-06-05 14:22:17,979  INFO        main.py  main  35  play weixin_piece
2023-06-05 14:22:21,450  INFO        main.py  main  35  play weixin_piece
2023-06-05 14:22:24,912  INFO        main.py  main  35  play weixin_piece
2023-06-05 14:22:28,382  INFO        main.py  main  35  play weixin_piece
2023-06-05 14:22:31,838  INFO        main.py  main  35  play weixin_piece
2023-06-05 21:15:57,143  INFO        main.py  main  35  play weixin_piece
2023-06-05 21:16:16,518  INFO        main.py  main  35  play weixin_piece
2023-08-14 22:19:46,555  INFO        main.py  main  44  play bottle
2023-09-18 22:27:29,106  INFO        main.py  main  44  play babycry1
2023-10-23 13:14:07,277  INFO        main.py  main  44  play ticao
2023-10-23 13:37:19,820  INFO        main.py  main  44  play mingdi
2023-10-23 13:37:27,525  INFO        main.py  main  44  play mingdicier
2023-10-23 13:42:43,690  INFO        main.py  main  44  play mingdicier
